<?xml version="1.0" encoding="UTF-8"?>
<testsuite name="com.mysite.sbb.domain.answer.service.AnswerServiceImplTest" tests="7" skipped="0" failures="0" errors="0" timestamp="2024-12-31T13:05:37" hostname="HAN" time="1.396">
  <properties/>
  <testcase name="007 - vote 테스트" classname="com.mysite.sbb.domain.answer.service.AnswerServiceImplTest" time="1.337"/>
  <testcase name="001 - getList 테스트" classname="com.mysite.sbb.domain.answer.service.AnswerServiceImplTest" time="0.028"/>
  <testcase name="003 - getAnswer_Found 테스트" classname="com.mysite.sbb.domain.answer.service.AnswerServiceImplTest" time="0.006"/>
  <testcase name="004 - getAnswer_NotFound 테스트" classname="com.mysite.sbb.domain.answer.service.AnswerServiceImplTest" time="0.006"/>
  <testcase name="002 - create 테스트" classname="com.mysite.sbb.domain.answer.service.AnswerServiceImplTest" time="0.005"/>
  <testcase name="006 - delete 테스트" classname="com.mysite.sbb.domain.answer.service.AnswerServiceImplTest" time="0.003"/>
  <testcase name="005 - modify 테스트" classname="com.mysite.sbb.domain.answer.service.AnswerServiceImplTest" time="0.003"/>
  <system-out><![CDATA[]]></system-out>
  <system-err><![CDATA[Mockito is currently self-attaching to enable the inline-mock-maker. This will no longer work in future releases of the JDK. Please add Mockito as an agent to your build what is described in Mockito's documentation: https://javadoc.io/doc/org.mockito/mockito-core/latest/org/mockito/Mockito.html#0.3
WARNING: A Java agent has been loaded dynamically (C:\Users\tkrhk\.gradle\caches\modules-2\files-2.1\net.bytebuddy\byte-buddy-agent\1.15.10\e8eb255b2c378b9a6c7341e7b0e12f0a5636377\byte-buddy-agent-1.15.10.jar)
WARNING: If a serviceability tool is in use, please run with -XX:+EnableDynamicAgentLoading to hide this warning
WARNING: If a serviceability tool is not in use, please run with -Djdk.instrument.traceUsage for more information
WARNING: Dynamic loading of agents will be disallowed by default in a future release
]]></system-err>
</testsuite>
